<?xml version="1.0" encoding="UTF-8"?>
<robot generator="Robot 6.1 (Python 3.8.0 on win32)" generated="20230727 21:14:27.384" rpa="false" schemaversion="4">
<suite id="s1" name="Login" source="C:\Users\maduk\PycharmProjects\rfw_lumaproject\login.robot">
<test id="s1-t1" name="Navigate to luma Home page and verify valid login" line="14">
<kw name="Precondition for login" library="lumaproject_keywords" type="SETUP">
<kw name="Open Browser" library="SeleniumLibrary">
<arg>${URL}</arg>
<arg>${BROWSER}</arg>
<doc>Opens a new browser instance to the optional ``url``.</doc>
<msg timestamp="20230727 21:14:29.608" level="INFO">Opening browser 'chrome' to base url 'https://magento.softwaretestingboard.com/'.</msg>
<msg timestamp="20230727 21:14:38.164" level="INFO">Cannot capture screenshot because no browser is open.</msg>
<msg timestamp="20230727 21:14:38.164" level="FAIL">SessionNotCreatedException: Message: session not created: This version of ChromeDriver only supports Chrome version 113
Current browser version is 115.0.5790.110 with binary path C:\Program Files\Google\Chrome\Application\chrome.exe
Stacktrace:
Backtrace:
	GetHandleVerifier [0x009F6DF3+48691]
	(No symbol) [0x00988CC1]
	(No symbol) [0x00895068]
	(No symbol) [0x008B5DAC]
	(No symbol) [0x008B1AB3]
	(No symbol) [0x008B0029]
	(No symbol) [0x008E07A8]
	(No symbol) [0x008E048C]
	(No symbol) [0x008DA0C6]
	(No symbol) [0x008B7E18]
	(No symbol) [0x008B8F3D]
	GetHandleVerifier [0x00C54EAA+2531050]
	GetHandleVerifier [0x00C94B60+2792352]
	GetHandleVerifier [0x00C8E6EC+2766636]
	GetHandleVerifier [0x00A80820+612448]
	(No symbol) [0x009925BC]
	(No symbol) [0x0098E808]
	(No symbol) [0x0098E8EB]
	(No symbol) [0x00981C77]
	BaseThreadInitThunk [0x76C47D59+25]
	RtlInitializeExceptionChain [0x77B4B79B+107]
	RtlClearBits [0x77B4B71F+191]
</msg>
<status status="FAIL" starttime="20230727 21:14:29.608" endtime="20230727 21:14:38.445"/>
</kw>
<kw name="Maximize Browser Window" library="SeleniumLibrary">
<doc>Maximizes current browser window.</doc>
<status status="NOT RUN" starttime="20230727 21:14:38.445" endtime="20230727 21:14:38.445"/>
</kw>
<kw name="Wait And Click Element" library="lumaproject_keywords">
<arg>${HOMEPAGE_SIGNIN_LINK}</arg>
<doc>wait for element to be enable before clicking</doc>
<status status="NOT RUN" starttime="20230727 21:14:38.448" endtime="20230727 21:14:38.448"/>
</kw>
<status status="FAIL" starttime="20230727 21:14:29.608" endtime="20230727 21:14:38.448"/>
</kw>
<kw name="logout users and assert successful logout" library="lumaproject_keywords" type="TEARDOWN">
<kw name="Wait And Click Element" library="lumaproject_keywords">
<arg>${USERACC_DROPDOWNLINK}</arg>
<doc>wait for element to be enable before clicking</doc>
<kw name="Wait Until Element Is Enabled" library="SeleniumLibrary">
<arg>${selector}</arg>
<doc>Waits until the element ``locator`` is enabled.</doc>
<msg timestamp="20230727 21:14:38.457" level="INFO">Cannot capture screenshot because no browser is open.</msg>
<msg timestamp="20230727 21:14:38.457" level="FAIL">No browser is open.</msg>
<status status="FAIL" starttime="20230727 21:14:38.456" endtime="20230727 21:14:38.536"/>
</kw>
<kw name="Click Element" library="SeleniumLibrary">
<arg>${selector}</arg>
<doc>Click the element identified by ``locator``.</doc>
<msg timestamp="20230727 21:14:38.537" level="INFO">Clicking element 'xpath:/html/body/div[1]/header/div[1]/div/ul/li[2]/span/button'.</msg>
<msg timestamp="20230727 21:14:38.537" level="INFO">Cannot capture screenshot because no browser is open.</msg>
<msg timestamp="20230727 21:14:38.537" level="FAIL">No browser is open.</msg>
<status status="FAIL" starttime="20230727 21:14:38.537" endtime="20230727 21:14:38.564"/>
</kw>
<status status="FAIL" starttime="20230727 21:14:38.451" endtime="20230727 21:14:38.564"/>
</kw>
<kw name="Wait And Click Element" library="lumaproject_keywords">
<arg>${SIGNOUT_USERLINK}</arg>
<doc>wait for element to be enable before clicking</doc>
<kw name="Wait Until Element Is Enabled" library="SeleniumLibrary">
<arg>${selector}</arg>
<doc>Waits until the element ``locator`` is enabled.</doc>
<msg timestamp="20230727 21:14:38.570" level="INFO">Cannot capture screenshot because no browser is open.</msg>
<msg timestamp="20230727 21:14:38.570" level="FAIL">No browser is open.</msg>
<status status="FAIL" starttime="20230727 21:14:38.568" endtime="20230727 21:14:38.570"/>
</kw>
<kw name="Click Element" library="SeleniumLibrary">
<arg>${selector}</arg>
<doc>Click the element identified by ``locator``.</doc>
<msg timestamp="20230727 21:14:38.570" level="INFO">Clicking element 'xpath:/html/body/div[1]/header/div[1]/div/ul/li[2]/div/ul/li[3]/a'.</msg>
<msg timestamp="20230727 21:14:38.570" level="INFO">Cannot capture screenshot because no browser is open.</msg>
<msg timestamp="20230727 21:14:38.570" level="FAIL">No browser is open.</msg>
<status status="FAIL" starttime="20230727 21:14:38.570" endtime="20230727 21:14:38.570"/>
</kw>
<status status="FAIL" starttime="20230727 21:14:38.568" endtime="20230727 21:14:38.570"/>
</kw>
<kw name="Wait Until Page Contains" library="SeleniumLibrary">
<arg>You are signed out</arg>
<arg>10s</arg>
<doc>Waits until ``text`` appears on the current page.</doc>
<msg timestamp="20230727 21:14:38.578" level="INFO">Cannot capture screenshot because no browser is open.</msg>
<msg timestamp="20230727 21:14:38.579" level="FAIL">No browser is open.</msg>
<status status="FAIL" starttime="20230727 21:14:38.570" endtime="20230727 21:14:38.579"/>
</kw>
<status status="FAIL" starttime="20230727 21:14:38.451" endtime="20230727 21:14:38.579">Several failures occurred:

1) No browser is open.

2) No browser is open.

3) No browser is open.

4) No browser is open.

5) No browser is open.</status>
</kw>
<tag>DEBUG</tag>
<status status="FAIL" starttime="20230727 21:14:29.608" endtime="20230727 21:14:38.579">Setup failed:
SessionNotCreatedException: Message: session not created: This version of ChromeDriver only supports Chrome version 113
Current browser version is 115.0.5790.110 with binary path C:\Program Files\Google\Chrome\Application\chrome.exe
Stacktrace:
Backtrace:
	GetHandleVerifier [0x009F6DF3+48691]
	(No symbol) [0x00988CC1]
	(No symbol) [0x00895068]
	(No symbol) [0x008B5DAC]
	(No symbol) [0x008B1AB3]
	(No symbol) [0x008B0029]
	(No symbol) [0x008E07A8]
	(No symbol) [0x008E048C]
	(No symbol) [0x008DA0C6]
	(No symbol) [0x008B7E18]
	(No symbol) [0x008B8F3D]
	GetHandleVerifier [0x00C54EAA+2531050]
	GetHandleVerifier [0x00C94B60+2792352]
	GetHandleVerifier [0x00C8E6EC+2766636]
	GetHandleVerifier [0x00A80820+612448]
	(No symbol) [0x009925BC]
	(No symbol) [0x0098E808]
	(No symbol) [0x0098E8EB]
	(No symbol) [0x00981C77]
	BaseThreadInitThunk [0x76C47D59+25]
	RtlInitializeExceptionChain [0x77B4B79B+107]
	RtlClearBits [0x77B4B71F+191]


Also teardown failed:
Several failures occurred:

1) No browser is open.

2) No browser is open.

3) No browser is open.

4) No browser is open.

5) No browser is open.</status>
</test>
<test id="s1-t2" name="Verify tha invalid credentials should not login successfully" line="22">
<kw name="users with invalid credentilas should receive the correct error message">
<arg>${INVALID_USERNAME4}</arg>
<arg>${VALID_PASSWORD}</arg>
<arg>${LOGGEDIN_USERNAME}</arg>
<kw name="Open Browser" library="SeleniumLibrary">
<arg>${URL}</arg>
<arg>${BROWSER}</arg>
<doc>Opens a new browser instance to the optional ``url``.</doc>
<msg timestamp="20230727 21:14:38.586" level="INFO">Opening browser 'chrome' to base url 'https://magento.softwaretestingboard.com/'.</msg>
<msg timestamp="20230727 21:14:43.193" level="INFO">Cannot capture screenshot because no browser is open.</msg>
<msg timestamp="20230727 21:14:43.193" level="FAIL">SessionNotCreatedException: Message: session not created: This version of ChromeDriver only supports Chrome version 113
Current browser version is 115.0.5790.110 with binary path C:\Program Files\Google\Chrome\Application\chrome.exe
Stacktrace:
Backtrace:
	GetHandleVerifier [0x009F6DF3+48691]
	(No symbol) [0x00988CC1]
	(No symbol) [0x00895068]
	(No symbol) [0x008B5DAC]
	(No symbol) [0x008B1AB3]
	(No symbol) [0x008B0029]
	(No symbol) [0x008E07A8]
	(No symbol) [0x008E048C]
	(No symbol) [0x008DA0C6]
	(No symbol) [0x008B7E18]
	(No symbol) [0x008B8F3D]
	GetHandleVerifier [0x00C54EAA+2531050]
	GetHandleVerifier [0x00C94B60+2792352]
	GetHandleVerifier [0x00C8E6EC+2766636]
	GetHandleVerifier [0x00A80820+612448]
	(No symbol) [0x009925BC]
	(No symbol) [0x0098E808]
	(No symbol) [0x0098E8EB]
	(No symbol) [0x00981C77]
	BaseThreadInitThunk [0x76C47D59+25]
	RtlInitializeExceptionChain [0x77B4B79B+107]
	RtlClearBits [0x77B4B71F+191]
</msg>
<status status="FAIL" starttime="20230727 21:14:38.586" endtime="20230727 21:14:43.193"/>
</kw>
<kw name="Maximize Browser Window" library="SeleniumLibrary">
<doc>Maximizes current browser window.</doc>
<status status="NOT RUN" starttime="20230727 21:14:43.193" endtime="20230727 21:14:43.193"/>
</kw>
<kw name="Wait Until Element Is Visible" library="SeleniumLibrary">
<arg>${HOMEPAGE_SIGNIN_LINK}</arg>
<doc>Waits until the element ``locator`` is visible.</doc>
<status status="NOT RUN" starttime="20230727 21:14:43.193" endtime="20230727 21:14:43.193"/>
</kw>
<kw name="Click Element" library="SeleniumLibrary">
<arg>${HOMEPAGE_SIGNIN_LINK}</arg>
<doc>Click the element identified by ``locator``.</doc>
<status status="NOT RUN" starttime="20230727 21:14:43.197" endtime="20230727 21:14:43.197"/>
</kw>
<kw name="Input Text" library="SeleniumLibrary">
<arg>${USERNAME_FEILD}</arg>
<arg>${username}</arg>
<doc>Types the given ``text`` into the text field identified by ``locator``.</doc>
<status status="NOT RUN" starttime="20230727 21:14:43.197" endtime="20230727 21:14:43.197"/>
</kw>
<kw name="Input Text" library="SeleniumLibrary">
<arg>${PASSWORD_FEILD}</arg>
<arg>${password}</arg>
<doc>Types the given ``text`` into the text field identified by ``locator``.</doc>
<status status="NOT RUN" starttime="20230727 21:14:43.197" endtime="20230727 21:14:43.197"/>
</kw>
<kw name="Click Element" library="SeleniumLibrary">
<arg>${LOGIN_BTN}</arg>
<doc>Click the element identified by ``locator``.</doc>
<status status="NOT RUN" starttime="20230727 21:14:43.197" endtime="20230727 21:14:43.197"/>
</kw>
<kw name="Wait Until Page Does Not Contain" library="SeleniumLibrary">
<arg>${loggedInUser}</arg>
<doc>Waits until ``text`` disappears from the current page.</doc>
<status status="NOT RUN" starttime="20230727 21:14:43.197" endtime="20230727 21:14:43.197"/>
</kw>
<status status="FAIL" starttime="20230727 21:14:38.586" endtime="20230727 21:14:43.197"/>
</kw>
<kw name="users with invalid credentilas should receive the correct error message">
<arg>${VALID_LOGINEMAIL}</arg>
<arg>${INVALID_PASSWORD4}</arg>
<arg>${LOGGEDIN_USERNAME}</arg>
<kw name="Open Browser" library="SeleniumLibrary">
<arg>${URL}</arg>
<arg>${BROWSER}</arg>
<doc>Opens a new browser instance to the optional ``url``.</doc>
<msg timestamp="20230727 21:14:43.201" level="INFO">Opening browser 'chrome' to base url 'https://magento.softwaretestingboard.com/'.</msg>
<msg timestamp="20230727 21:14:48.352" level="INFO">Cannot capture screenshot because no browser is open.</msg>
<msg timestamp="20230727 21:14:48.352" level="FAIL">SessionNotCreatedException: Message: session not created: This version of ChromeDriver only supports Chrome version 113
Current browser version is 115.0.5790.110 with binary path C:\Program Files\Google\Chrome\Application\chrome.exe
Stacktrace:
Backtrace:
	GetHandleVerifier [0x009F6DF3+48691]
	(No symbol) [0x00988CC1]
	(No symbol) [0x00895068]
	(No symbol) [0x008B5DAC]
	(No symbol) [0x008B1AB3]
	(No symbol) [0x008B0029]
	(No symbol) [0x008E07A8]
	(No symbol) [0x008E048C]
	(No symbol) [0x008DA0C6]
	(No symbol) [0x008B7E18]
	(No symbol) [0x008B8F3D]
	GetHandleVerifier [0x00C54EAA+2531050]
	GetHandleVerifier [0x00C94B60+2792352]
	GetHandleVerifier [0x00C8E6EC+2766636]
	GetHandleVerifier [0x00A80820+612448]
	(No symbol) [0x009925BC]
	(No symbol) [0x0098E808]
	(No symbol) [0x0098E8EB]
	(No symbol) [0x00981C77]
	BaseThreadInitThunk [0x76C47D59+25]
	RtlInitializeExceptionChain [0x77B4B79B+107]
	RtlClearBits [0x77B4B71F+191]
</msg>
<status status="FAIL" starttime="20230727 21:14:43.197" endtime="20230727 21:14:48.352"/>
</kw>
<kw name="Maximize Browser Window" library="SeleniumLibrary">
<doc>Maximizes current browser window.</doc>
<status status="NOT RUN" starttime="20230727 21:14:48.352" endtime="20230727 21:14:48.352"/>
</kw>
<kw name="Wait Until Element Is Visible" library="SeleniumLibrary">
<arg>${HOMEPAGE_SIGNIN_LINK}</arg>
<doc>Waits until the element ``locator`` is visible.</doc>
<status status="NOT RUN" starttime="20230727 21:14:48.352" endtime="20230727 21:14:48.352"/>
</kw>
<kw name="Click Element" library="SeleniumLibrary">
<arg>${HOMEPAGE_SIGNIN_LINK}</arg>
<doc>Click the element identified by ``locator``.</doc>
<status status="NOT RUN" starttime="20230727 21:14:48.352" endtime="20230727 21:14:48.352"/>
</kw>
<kw name="Input Text" library="SeleniumLibrary">
<arg>${USERNAME_FEILD}</arg>
<arg>${username}</arg>
<doc>Types the given ``text`` into the text field identified by ``locator``.</doc>
<status status="NOT RUN" starttime="20230727 21:14:48.352" endtime="20230727 21:14:48.352"/>
</kw>
<kw name="Input Text" library="SeleniumLibrary">
<arg>${PASSWORD_FEILD}</arg>
<arg>${password}</arg>
<doc>Types the given ``text`` into the text field identified by ``locator``.</doc>
<status status="NOT RUN" starttime="20230727 21:14:48.352" endtime="20230727 21:14:48.352"/>
</kw>
<kw name="Click Element" library="SeleniumLibrary">
<arg>${LOGIN_BTN}</arg>
<doc>Click the element identified by ``locator``.</doc>
<status status="NOT RUN" starttime="20230727 21:14:48.352" endtime="20230727 21:14:48.352"/>
</kw>
<kw name="Wait Until Page Does Not Contain" library="SeleniumLibrary">
<arg>${loggedInUser}</arg>
<doc>Waits until ``text`` disappears from the current page.</doc>
<status status="NOT RUN" starttime="20230727 21:14:48.352" endtime="20230727 21:14:48.352"/>
</kw>
<status status="FAIL" starttime="20230727 21:14:43.197" endtime="20230727 21:14:48.352"/>
</kw>
<kw name="users with invalid credentilas should receive the correct error message">
<arg>${INVALID_USERNAME4}</arg>
<arg>${INVALID_PASSWORD4}</arg>
<arg>${LOGGEDIN_USERNAME}</arg>
<kw name="Open Browser" library="SeleniumLibrary">
<arg>${URL}</arg>
<arg>${BROWSER}</arg>
<doc>Opens a new browser instance to the optional ``url``.</doc>
<msg timestamp="20230727 21:14:48.352" level="INFO">Opening browser 'chrome' to base url 'https://magento.softwaretestingboard.com/'.</msg>
<msg timestamp="20230727 21:14:52.936" level="INFO">Cannot capture screenshot because no browser is open.</msg>
<msg timestamp="20230727 21:14:52.936" level="FAIL">SessionNotCreatedException: Message: session not created: This version of ChromeDriver only supports Chrome version 113
Current browser version is 115.0.5790.110 with binary path C:\Program Files\Google\Chrome\Application\chrome.exe
Stacktrace:
Backtrace:
	GetHandleVerifier [0x009F6DF3+48691]
	(No symbol) [0x00988CC1]
	(No symbol) [0x00895068]
	(No symbol) [0x008B5DAC]
	(No symbol) [0x008B1AB3]
	(No symbol) [0x008B0029]
	(No symbol) [0x008E07A8]
	(No symbol) [0x008E048C]
	(No symbol) [0x008DA0C6]
	(No symbol) [0x008B7E18]
	(No symbol) [0x008B8F3D]
	GetHandleVerifier [0x00C54EAA+2531050]
	GetHandleVerifier [0x00C94B60+2792352]
	GetHandleVerifier [0x00C8E6EC+2766636]
	GetHandleVerifier [0x00A80820+612448]
	(No symbol) [0x009925BC]
	(No symbol) [0x0098E808]
	(No symbol) [0x0098E8EB]
	(No symbol) [0x00981C77]
	BaseThreadInitThunk [0x76C47D59+25]
	RtlInitializeExceptionChain [0x77B4B79B+107]
	RtlClearBits [0x77B4B71F+191]
</msg>
<status status="FAIL" starttime="20230727 21:14:48.352" endtime="20230727 21:14:52.936"/>
</kw>
<kw name="Maximize Browser Window" library="SeleniumLibrary">
<doc>Maximizes current browser window.</doc>
<status status="NOT RUN" starttime="20230727 21:14:52.936" endtime="20230727 21:14:52.936"/>
</kw>
<kw name="Wait Until Element Is Visible" library="SeleniumLibrary">
<arg>${HOMEPAGE_SIGNIN_LINK}</arg>
<doc>Waits until the element ``locator`` is visible.</doc>
<status status="NOT RUN" starttime="20230727 21:14:52.936" endtime="20230727 21:14:52.936"/>
</kw>
<kw name="Click Element" library="SeleniumLibrary">
<arg>${HOMEPAGE_SIGNIN_LINK}</arg>
<doc>Click the element identified by ``locator``.</doc>
<status status="NOT RUN" starttime="20230727 21:14:52.936" endtime="20230727 21:14:52.936"/>
</kw>
<kw name="Input Text" library="SeleniumLibrary">
<arg>${USERNAME_FEILD}</arg>
<arg>${username}</arg>
<doc>Types the given ``text`` into the text field identified by ``locator``.</doc>
<status status="NOT RUN" starttime="20230727 21:14:52.936" endtime="20230727 21:14:52.936"/>
</kw>
<kw name="Input Text" library="SeleniumLibrary">
<arg>${PASSWORD_FEILD}</arg>
<arg>${password}</arg>
<doc>Types the given ``text`` into the text field identified by ``locator``.</doc>
<status status="NOT RUN" starttime="20230727 21:14:52.936" endtime="20230727 21:14:52.936"/>
</kw>
<kw name="Click Element" library="SeleniumLibrary">
<arg>${LOGIN_BTN}</arg>
<doc>Click the element identified by ``locator``.</doc>
<status status="NOT RUN" starttime="20230727 21:14:52.936" endtime="20230727 21:14:52.936"/>
</kw>
<kw name="Wait Until Page Does Not Contain" library="SeleniumLibrary">
<arg>${loggedInUser}</arg>
<doc>Waits until ``text`` disappears from the current page.</doc>
<status status="NOT RUN" starttime="20230727 21:14:52.936" endtime="20230727 21:14:52.936"/>
</kw>
<status status="FAIL" starttime="20230727 21:14:48.352" endtime="20230727 21:14:52.936"/>
</kw>
<kw name="users with invalid credentilas should receive the correct error message">
<arg>${EMPTY}</arg>
<arg>${EMPTY}</arg>
<arg>${LOGGEDIN_USERNAME}</arg>
<kw name="Open Browser" library="SeleniumLibrary">
<arg>${URL}</arg>
<arg>${BROWSER}</arg>
<doc>Opens a new browser instance to the optional ``url``.</doc>
<msg timestamp="20230727 21:14:52.944" level="INFO">Opening browser 'chrome' to base url 'https://magento.softwaretestingboard.com/'.</msg>
<msg timestamp="20230727 21:14:57.552" level="INFO">Cannot capture screenshot because no browser is open.</msg>
<msg timestamp="20230727 21:14:57.552" level="FAIL">SessionNotCreatedException: Message: session not created: This version of ChromeDriver only supports Chrome version 113
Current browser version is 115.0.5790.110 with binary path C:\Program Files\Google\Chrome\Application\chrome.exe
Stacktrace:
Backtrace:
	GetHandleVerifier [0x009F6DF3+48691]
	(No symbol) [0x00988CC1]
	(No symbol) [0x00895068]
	(No symbol) [0x008B5DAC]
	(No symbol) [0x008B1AB3]
	(No symbol) [0x008B0029]
	(No symbol) [0x008E07A8]
	(No symbol) [0x008E048C]
	(No symbol) [0x008DA0C6]
	(No symbol) [0x008B7E18]
	(No symbol) [0x008B8F3D]
	GetHandleVerifier [0x00C54EAA+2531050]
	GetHandleVerifier [0x00C94B60+2792352]
	GetHandleVerifier [0x00C8E6EC+2766636]
	GetHandleVerifier [0x00A80820+612448]
	(No symbol) [0x009925BC]
	(No symbol) [0x0098E808]
	(No symbol) [0x0098E8EB]
	(No symbol) [0x00981C77]
	BaseThreadInitThunk [0x76C47D59+25]
	RtlInitializeExceptionChain [0x77B4B79B+107]
	RtlClearBits [0x77B4B71F+191]
</msg>
<status status="FAIL" starttime="20230727 21:14:52.944" endtime="20230727 21:14:57.555"/>
</kw>
<kw name="Maximize Browser Window" library="SeleniumLibrary">
<doc>Maximizes current browser window.</doc>
<status status="NOT RUN" starttime="20230727 21:14:57.555" endtime="20230727 21:14:57.555"/>
</kw>
<kw name="Wait Until Element Is Visible" library="SeleniumLibrary">
<arg>${HOMEPAGE_SIGNIN_LINK}</arg>
<doc>Waits until the element ``locator`` is visible.</doc>
<status status="NOT RUN" starttime="20230727 21:14:57.555" endtime="20230727 21:14:57.555"/>
</kw>
<kw name="Click Element" library="SeleniumLibrary">
<arg>${HOMEPAGE_SIGNIN_LINK}</arg>
<doc>Click the element identified by ``locator``.</doc>
<status status="NOT RUN" starttime="20230727 21:14:57.555" endtime="20230727 21:14:57.555"/>
</kw>
<kw name="Input Text" library="SeleniumLibrary">
<arg>${USERNAME_FEILD}</arg>
<arg>${username}</arg>
<doc>Types the given ``text`` into the text field identified by ``locator``.</doc>
<status status="NOT RUN" starttime="20230727 21:14:57.555" endtime="20230727 21:14:57.555"/>
</kw>
<kw name="Input Text" library="SeleniumLibrary">
<arg>${PASSWORD_FEILD}</arg>
<arg>${password}</arg>
<doc>Types the given ``text`` into the text field identified by ``locator``.</doc>
<status status="NOT RUN" starttime="20230727 21:14:57.555" endtime="20230727 21:14:57.555"/>
</kw>
<kw name="Click Element" library="SeleniumLibrary">
<arg>${LOGIN_BTN}</arg>
<doc>Click the element identified by ``locator``.</doc>
<status status="NOT RUN" starttime="20230727 21:14:57.555" endtime="20230727 21:14:57.555"/>
</kw>
<kw name="Wait Until Page Does Not Contain" library="SeleniumLibrary">
<arg>${loggedInUser}</arg>
<doc>Waits until ``text`` disappears from the current page.</doc>
<status status="NOT RUN" starttime="20230727 21:14:57.555" endtime="20230727 21:14:57.555"/>
</kw>
<status status="FAIL" starttime="20230727 21:14:52.936" endtime="20230727 21:14:57.555"/>
</kw>
<tag>henry</tag>
<status status="FAIL" starttime="20230727 21:14:38.584" endtime="20230727 21:14:57.560">Several failures occurred:

1) SessionNotCreatedException: Message: session not created: This version of ChromeDriver only supports Chrome version 113
Current browser version is 115.0.5790.110 with binary path C:\Program Files\Google\Chrome\Application\chrome.exe
Stacktrace:
Backtrace:
	GetHandleVerifier [0x009F6DF3+48691]
	(No symbol) [0x00988CC1]
	(No symbol) [0x00895068]
	(No symbol) [0x008B5DAC]
	(No symbol) [0x008B1AB3]
	(No symbol) [0x008B0029]
	(No symbol) [0x008E07A8]
	(No symbol) [0x008E048C]
	(No symbol) [0x008DA0C6]
	(No symbol) [0x008B7E18]
	(No symbol) [0x008B8F3D]
	GetHandleVerifier [0x00C54EAA+2531050]
    [ Message content over the limit has been removed. ]
	(No symbol) [0x00895068]
	(No symbol) [0x008B5DAC]
	(No symbol) [0x008B1AB3]
	(No symbol) [0x008B0029]
	(No symbol) [0x008E07A8]
	(No symbol) [0x008E048C]
	(No symbol) [0x008DA0C6]
	(No symbol) [0x008B7E18]
	(No symbol) [0x008B8F3D]
	GetHandleVerifier [0x00C54EAA+2531050]
	GetHandleVerifier [0x00C94B60+2792352]
	GetHandleVerifier [0x00C8E6EC+2766636]
	GetHandleVerifier [0x00A80820+612448]
	(No symbol) [0x009925BC]
	(No symbol) [0x0098E808]
	(No symbol) [0x0098E8EB]
	(No symbol) [0x00981C77]
	BaseThreadInitThunk [0x76C47D59+25]
	RtlInitializeExceptionChain [0x77B4B79B+107]
	RtlClearBits [0x77B4B71F+191]</status>
</test>
<doc>login related test cases</doc>
<status status="FAIL" starttime="20230727 21:14:27.389" endtime="20230727 21:14:57.560"/>
</suite>
<statistics>
<total>
<stat pass="0" fail="2" skip="0">All Tests</stat>
</total>
<tag>
<stat pass="0" fail="1" skip="0">DEBUG</stat>
<stat pass="0" fail="1" skip="0">henry</stat>
</tag>
<suite>
<stat pass="0" fail="2" skip="0" id="s1" name="Login">Login</stat>
</suite>
</statistics>
<errors>
</errors>
</robot>
